<?xml version="1.0" encoding="UTF-8"?>
<testsuite xmlns:xsi="http://www.w3.org/2001/XMLSchema-instance" xsi:noNamespaceSchemaLocation="https://maven.apache.org/surefire/maven-surefire-plugin/xsd/surefire-test-report-3.0.xsd" version="3.0" name="com.smartitsm.workflow.service.WorkflowServiceTest" time="0.763" tests="10" errors="1" skipped="0" failures="2">
  <properties>
[...]
</properties>
  <testcase name="advanceWorkflow_completesCurrentStepAndStartsNext" classname="com.smartitsm.workflow.service.WorkflowServiceTest" time="0.716">
    <failure message="&#10;stepRepository.updateById(&#10;    &lt;any com.smartitsm.workflow.entity.WorkflowStep&gt;&#10;);&#10;Wanted 1 time:&#10;-&gt; at com.smartitsm.workflow.service.WorkflowServiceTest.advanceWorkflow_completesCurrentStepAndStartsNext(WorkflowServiceTest.java:145)&#10;But was 2 times:&#10;-&gt; at com.smartitsm.workflow.service.WorkflowService.advanceWorkflow(WorkflowService.java:124)&#10;-&gt; at com.smartitsm.workflow.service.WorkflowService.advanceWorkflow(WorkflowService.java:149)&#10;&#10;" type="org.mockito.exceptions.verification.TooManyActualInvocations"><![CDATA[org.mockito.exceptions.verification.TooManyActualInvocations: 

stepRepository.updateById(
    <any com.smartitsm.workflow.entity.WorkflowStep>
);
Wanted 1 time:
-> at com.smartitsm.workflow.service.WorkflowServiceTest.advanceWorkflow_completesCurrentStepAndStartsNext(WorkflowServiceTest.java:145)
But was 2 times:
-> at com.smartitsm.workflow.service.WorkflowService.advanceWorkflow(WorkflowService.java:124)
-> at com.smartitsm.workflow.service.WorkflowService.advanceWorkflow(WorkflowService.java:149)


	at com.smartitsm.workflow.service.WorkflowServiceTest.advanceWorkflow_completesCurrentStepAndStartsNext(WorkflowServiceTest.java:145)
	at java.base/java.lang.reflect.Method.invoke(Method.java:580)
	at java.base/java.util.ArrayList.forEach(ArrayList.java:1596)
	at java.base/java.util.ArrayList.forEach(ArrayList.java:1596)
]]></failure>
    <system-out><![CDATA[22:27:39.195 [main] INFO com.smartitsm.workflow.service.WorkflowService -- Workflow 1 advanced to step: resolution
]]></system-out>
    <system-err><![CDATA[WARNING: A Java agent has been loaded dynamically (/Users/huanghuixiang/.m2/repository/net/bytebuddy/byte-buddy-agent/1.14.13/byte-buddy-agent-1.14.13.jar)
WARNING: If a serviceability tool is in use, please run with -XX:+EnableDynamicAgentLoading to hide this warning
WARNING: If a serviceability tool is not in use, please run with -Djdk.instrument.traceUsage for more information
WARNING: Dynamic loading of agents will be disallowed by default in a future release
]]></system-err>
  </testcase>
  <testcase name="cancelWorkflow_setsStatusToCancelledAndSkipsSteps" classname="com.smartitsm.workflow.service.WorkflowServiceTest" time="0.005">
    <system-out><![CDATA[22:27:39.227 [main] INFO com.smartitsm.workflow.service.WorkflowService -- Workflow 1 cancelled: Cancelled by user
]]></system-out>
  </testcase>
  <testcase name="startWorkflow_withNonExistentDefinition_throwsException" classname="com.smartitsm.workflow.service.WorkflowServiceTest" time="0.004">
    <system-out><![CDATA[22:27:39.234 [main] INFO com.smartitsm.workflow.service.WorkflowService -- Starting workflow: non-existent for ticket TICKET-001
]]></system-out>
  </testcase>
  <testcase name="advanceWorkflow_whenNoMoreSteps_completesWorkflow" classname="com.smartitsm.workflow.service.WorkflowServiceTest" time="0.002">
    <error message="Cannot invoke &quot;java.time.temporal.Temporal.until(java.time.temporal.Temporal, java.time.temporal.TemporalUnit)&quot; because &quot;temporal1Inclusive&quot; is null" type="java.lang.NullPointerException"><![CDATA[java.lang.NullPointerException: Cannot invoke "java.time.temporal.Temporal.until(java.time.temporal.Temporal, java.time.temporal.TemporalUnit)" because "temporal1Inclusive" is null
	at java.base/java.time.temporal.ChronoUnit.between(ChronoUnit.java:272)
	at com.smartitsm.workflow.service.WorkflowService.advanceWorkflow(WorkflowService.java:123)
	at com.smartitsm.workflow.service.WorkflowServiceTest.advanceWorkflow_whenNoMoreSteps_completesWorkflow(WorkflowServiceTest.java:171)
	at java.base/java.lang.reflect.Method.invoke(Method.java:580)
	at java.base/java.util.ArrayList.forEach(ArrayList.java:1596)
	at java.base/java.util.ArrayList.forEach(ArrayList.java:1596)
]]></error>
  </testcase>
  <testcase name="startWorkflow_createsInstanceAndSteps" classname="com.smartitsm.workflow.service.WorkflowServiceTest" time="0.012">
    <system-out><![CDATA[22:27:39.239 [main] INFO com.smartitsm.workflow.service.WorkflowService -- Starting workflow: incident-resolution for ticket TICKET-001
22:27:39.248 [main] INFO com.smartitsm.workflow.service.WorkflowService -- Workflow null completed successfully
22:27:39.248 [main] INFO com.smartitsm.workflow.service.WorkflowService -- Workflow incident-resolution started with instance ID null
]]></system-out>
  </testcase>
  <testcase name="getInstance_whenExists_returnsInstance" classname="com.smartitsm.workflow.service.WorkflowServiceTest" time="0.002"/>
  <testcase name="getStats_calculatesCorrectStatistics" classname="com.smartitsm.workflow.service.WorkflowServiceTest" time="0.004">
    <failure message="&#10;expected: 5L&#10; but was: 10L" type="org.opentest4j.AssertionFailedError"><![CDATA[org.opentest4j.AssertionFailedError: 

expected: 5L
 but was: 10L
	at java.base/jdk.internal.reflect.DirectConstructorHandleAccessor.newInstance(DirectConstructorHandleAccessor.java:62)
	at java.base/java.lang.reflect.Constructor.newInstanceWithCaller(Constructor.java:502)
	at com.smartitsm.workflow.service.WorkflowServiceTest.getStats_calculatesCorrectStatistics(WorkflowServiceTest.java:256)
	at java.base/java.lang.reflect.Method.invoke(Method.java:580)
	at java.base/java.util.ArrayList.forEach(ArrayList.java:1596)
	at java.base/java.util.ArrayList.forEach(ArrayList.java:1596)
]]></failure>
  </testcase>
  <testcase name="getRunningInstances_returnsOnlyRunningWorkflows" classname="com.smartitsm.workflow.service.WorkflowServiceTest" time="0.003"/>
  <testcase name="getInstancesByTicket_returnsTicketWorkflows" classname="com.smartitsm.workflow.service.WorkflowServiceTest" time="0.001"/>
  <testcase name="getInstance_whenNotExists_throwsException" classname="com.smartitsm.workflow.service.WorkflowServiceTest" time="0.001"/>
</testsuite>